<?xml version="1.0" encoding="UTF-8"?>
<!-- Generated by org.testng.reporters.JUnitReportReporter -->
<testsuite hostname="KQ-LP-014" failures="0" tests="2" name="com.kiwiqa.extentreportspark.ExtentReportExample" time="34.001" errors="0" timestamp="2024-06-14T11:22:25 IST" skipped="0">
  <testcase classname="com.kiwiqa.extentreportspark.ExtentReportExample" name="updateMyInfoVerify" time="11.473"/>
  <system-out/>
  <testcase classname="com.kiwiqa.extentreportspark.ExtentReportExample" name="loginVerify" time="22.528"/>
  <system-out/>
</testsuite> <!-- com.kiwiqa.extentreportspark.ExtentReportExample -->
