<?xml version="1.0" encoding="UTF-8"?>
<!-- Generated by org.testng.reporters.JUnitReportReporter -->
<testsuite hostname="KQ-LP-014" failures="0" tests="3" name="com.kiwiqa.sliderexamples.SliderExamples" time="83.558" errors="0" timestamp="2024-06-04T10:24:41 IST" skipped="0">
  <testcase classname="com.kiwiqa.sliderexamples.SliderExamples" name="sliderDemo" time="13.347"/>
  <system-out/>
  <testcase classname="com.kiwiqa.sliderexamples.SliderExamples" name="sliderDemo1" time="34.354"/>
  <system-out/>
  <testcase classname="com.kiwiqa.sliderexamples.SliderExamples" name="progressBarDemo" time="35.857"/>
  <system-out/>
</testsuite> <!-- com.kiwiqa.sliderexamples.SliderExamples -->
