<?xml version="1.0" encoding="UTF-8"?>
<!-- Generated by org.testng.reporters.JUnitReportReporter -->
<testsuite hostname="KQ-LP-014" failures="0" tests="2" name="com.kiwiqa.testNGexamples.CrossBrowserTesting" time="39.154" errors="0" timestamp="2024-06-10T11:06:32 IST" skipped="0">
  <testcase classname="com.kiwiqa.testNGexamples.CrossBrowserTesting" name="test" time="22.142"/>
  <system-out/>
  <testcase classname="com.kiwiqa.testNGexamples.CrossBrowserTesting" name="test" time="17.012"/>
  <system-out/>
</testsuite> <!-- com.kiwiqa.testNGexamples.CrossBrowserTesting -->
