<?xml version="1.0" encoding="UTF-8"?>
<!-- Generated by org.testng.reporters.JUnitReportReporter -->
<testsuite hostname="KQ-LP-014" failures="0" tests="1" name="com.kiwiqa.dropdownexample.DropDownExamples" time="40.942" errors="0" timestamp="2024-05-20T14:58:24 IST" skipped="0">
  <testcase classname="com.kiwiqa.dropdownexample.DropDownExamples" name="multiSelect" time="40.942"/>
  <system-out/>
</testsuite> <!-- com.kiwiqa.dropdownexample.DropDownExamples -->
