<?xml version="1.0" encoding="UTF-8"?>
<!-- Generated by org.testng.reporters.JUnitReportReporter -->
<testsuite hostname="KQ-LP-014" failures="0" tests="1" name="com.kiwiqa.testNGexamples.FormWithTestNG" time="30.366" errors="0" timestamp="2024-06-11T16:41:31 IST" skipped="0">
  <testcase classname="com.kiwiqa.testNGexamples.FormWithTestNG" name="formReg" time="30.366"/>
  <system-out/>
</testsuite> <!-- com.kiwiqa.testNGexamples.FormWithTestNG -->
