<?xml version="1.0" encoding="UTF-8"?>
<!-- Generated by org.testng.reporters.JUnitReportReporter -->
<testsuite hostname="KQ-LP-014" failures="0" tests="2" name="com.kiwiqa.testNGexamples.DataProviderWithTestNG" time="0.064" errors="0" timestamp="2024-06-10T12:09:02 IST" skipped="0">
  <testcase classname="com.kiwiqa.testNGexamples.DataProviderWithTestNG" name="testMethod1" time="0.038"/>
  <system-out/>
  <testcase classname="com.kiwiqa.testNGexamples.DataProviderWithTestNG" name="testMethod1" time="0.026"/>
  <system-out/>
</testsuite> <!-- com.kiwiqa.testNGexamples.DataProviderWithTestNG -->
