<?xml version="1.0" encoding="UTF-8"?>
<!-- Generated by org.testng.reporters.JUnitReportReporter -->
<testsuite hostname="KQ-LP-014" failures="0" tests="1" name="com.kiwiqa.resizeexamples.ResizeExamples" time="14.677" errors="0" timestamp="2024-05-20T14:55:20 IST" skipped="0">
  <testcase classname="com.kiwiqa.resizeexamples.ResizeExamples" name="dragAndDropDemo" time="14.677"/>
  <system-out/>
</testsuite> <!-- com.kiwiqa.resizeexamples.ResizeExamples -->
