<?xml version="1.0" encoding="UTF-8"?>
<!-- Generated by org.testng.reporters.JUnitReportReporter -->
<testsuite hostname="KQ-LP-014" failures="0" tests="1" name="com.kiwiqa.draganddropexamples.DragAndDropExample" time="41.037" errors="0" timestamp="2024-05-20T15:47:44 IST" skipped="0">
  <testcase classname="com.kiwiqa.draganddropexamples.DragAndDropExample" name="dragAndDropDemo" time="41.037"/>
  <system-out/>
</testsuite> <!-- com.kiwiqa.draganddropexamples.DragAndDropExample -->
