<?xml version="1.0" encoding="UTF-8"?>
<!-- Generated by org.testng.reporters.JUnitReportReporter -->
<testsuite hostname="KQ-LP-014" failures="0" tests="1" name="com.kiwiqa.pomexample.RegPageOperation" time="11.911" errors="0" timestamp="2024-05-27T17:28:59 IST" skipped="0">
  <testcase classname="com.kiwiqa.pomexample.RegPageOperation" name="regForm" time="11.911"/>
  <system-out/>
</testsuite> <!-- com.kiwiqa.pomexample.RegPageOperation -->
