<?xml version="1.0" encoding="UTF-8"?>
<!-- Generated by org.testng.reporters.JUnitReportReporter -->
<testsuite hostname="KQ-LP-014" failures="0" tests="3" name="com.kiwiqa.testNGexamples.TestNGMethodExample2" time="0.021" errors="0" timestamp="2024-06-07T15:02:25 IST" skipped="0">
  <testcase classname="com.kiwiqa.testNGexamples.TestNGMethodExample2" name="signup" time="0.005"/>
  <system-out/>
  <testcase classname="com.kiwiqa.testNGexamples.TestNGMethodExample2" name="home" time="0.008"/>
  <system-out/>
  <testcase classname="com.kiwiqa.testNGexamples.TestNGMethodExample2" name="login" time="0.008"/>
  <system-out/>
</testsuite> <!-- com.kiwiqa.testNGexamples.TestNGMethodExample2 -->
