<?xml version="1.0" encoding="UTF-8"?>
<!-- Generated by org.testng.reporters.JUnitReportReporter -->
<testsuite hostname="KQ-LP-014" failures="0" tests="1" name="com.kiwiqa.practiceformtestcase.PracticeFormTestCase" time="46.703" errors="0" timestamp="2024-05-29T14:53:55 IST" skipped="0">
  <testcase classname="com.kiwiqa.practiceformtestcase.PracticeFormTestCase" name="verifyData" time="46.703"/>
  <system-out/>
</testsuite> <!-- com.kiwiqa.practiceformtestcase.PracticeFormTestCase -->
