<?xml version="1.0" encoding="UTF-8"?>
<!-- Generated by org.testng.reporters.JUnitReportReporter -->
<testsuite hostname="KQ-LP-014" failures="0" tests="2" name="com.kiwiqa.testNGexamples.OrangeWithTestNG" time="108.817" errors="0" timestamp="2024-06-12T15:52:27 IST" skipped="0">
  <testcase classname="com.kiwiqa.testNGexamples.OrangeWithTestNG" name="verifyUpdateMsg" time="54.663"/>
  <system-out/>
  <testcase classname="com.kiwiqa.testNGexamples.OrangeWithTestNG" name="verifyUpdateMsg" time="54.154"/>
  <system-out/>
</testsuite> <!-- com.kiwiqa.testNGexamples.OrangeWithTestNG -->
