<?xml version="1.0" encoding="UTF-8"?>
<!-- Generated by org.testng.reporters.JUnitReportReporter -->
<testsuite hostname="KQ-LP-014" failures="0" tests="2" name="com.kiwiqa.testNGexamples.GroupIdExmaple" time="0.017" errors="0" timestamp="2024-06-07T15:22:45 IST" skipped="0">
  <testcase classname="com.kiwiqa.testNGexamples.GroupIdExmaple" name="method4" time="0.012"/>
  <system-out/>
  <testcase classname="com.kiwiqa.testNGexamples.GroupIdExmaple" name="method3" time="0.005"/>
  <system-out/>
</testsuite> <!-- com.kiwiqa.testNGexamples.GroupIdExmaple -->
