<?xml version="1.0" encoding="UTF-8"?>
<!-- Generated by org.testng.reporters.JUnitReportReporter -->
<testsuite hostname="KQ-LP-014" failures="0" tests="1" name="com.kiwiqa.testNGexamples.IncludeExcludeTags" time="0.033" errors="0" timestamp="2024-06-06T16:43:18 IST" skipped="0">
  <testcase classname="com.kiwiqa.testNGexamples.IncludeExcludeTags" name="testOne" time="0.033"/>
  <system-out/>
</testsuite> <!-- com.kiwiqa.testNGexamples.IncludeExcludeTags -->
