<?xml version="1.0" encoding="UTF-8"?>
<!-- Generated by org.testng.reporters.JUnitReportReporter -->
<testsuite hostname="KQ-LP-014" failures="0" tests="1" name="com.kiwiqa.tooltipsexample.ToolTipExamples" time="42.346" errors="0" timestamp="2024-05-21T12:16:15 IST" skipped="0">
  <testcase classname="com.kiwiqa.tooltipsexample.ToolTipExamples" name="modalDialogsExamples" time="42.346"/>
  <system-out/>
</testsuite> <!-- com.kiwiqa.tooltipsexample.ToolTipExamples -->
