<?xml version="1.0" encoding="UTF-8"?>
<!-- Generated by org.testng.reporters.JUnitReportReporter -->
<testsuite hostname="KQ-LP-014" failures="0" tests="2" name="com.kiwiqa.testNGexamples.TestNGMethodExamples" time="0.058" errors="0" timestamp="2024-06-07T15:02:25 IST" skipped="0">
  <testcase classname="com.kiwiqa.testNGexamples.TestNGMethodExamples" name="update" time="0.042"/>
  <system-out/>
  <testcase classname="com.kiwiqa.testNGexamples.TestNGMethodExamples" name="delete" time="0.016"/>
  <system-out>
    <![CDATA[Comp Pass]]>
  </system-out>
</testsuite> <!-- com.kiwiqa.testNGexamples.TestNGMethodExamples -->
