<?xml version="1.0" encoding="UTF-8"?>
<!-- Generated by org.testng.reporters.JUnitReportReporter -->
<testsuite hostname="KQ-LP-014" failures="0" tests="2" name="com.kiwiqa.iframeexamples.IframeExamples" time="106.707" errors="0" timestamp="2024-05-20T14:49:39 IST" skipped="0">
  <testcase classname="com.kiwiqa.iframeexamples.IframeExamples" name="iframeNestedDemo" time="81.378"/>
  <system-out/>
  <testcase classname="com.kiwiqa.iframeexamples.IframeExamples" name="iframeDemo" time="25.329"/>
  <system-out/>
</testsuite> <!-- com.kiwiqa.iframeexamples.IframeExamples -->
