<?xml version="1.0" encoding="UTF-8"?>
<!-- Generated by org.testng.reporters.JUnitReportReporter -->
<testsuite hostname="KQ-LP-014" failures="0" tests="2" name="com.kiwiqa.testreport.TestClass" time="83.541" errors="0" timestamp="2024-06-28T10:06:14 IST" skipped="0">
  <testcase classname="com.kiwiqa.testreport.TestClass" name="formReg" time="47.938"/>
  <system-out/>
  <testcase classname="com.kiwiqa.testreport.TestClass" name="loginVerify" time="35.603"/>
  <system-out/>
</testsuite> <!-- com.kiwiqa.testreport.TestClass -->
