<?xml version="1.0" encoding="UTF-8"?>
<!-- Generated by org.testng.reporters.JUnitReportReporter -->
<testsuite hostname="KQ-LP-014" failures="0" tests="1" name="com.kiwiqa.datepickersexample.DatePickerExamples" time="21.413" errors="0" timestamp="2024-06-04T10:24:41 IST" skipped="0">
  <testcase classname="com.kiwiqa.datepickersexample.DatePickerExamples" name="dataPickerDemo" time="21.413"/>
  <system-out/>
</testsuite> <!-- com.kiwiqa.datepickersexample.DatePickerExamples -->
