<?xml version="1.0" encoding="UTF-8"?>
<!-- Generated by org.testng.reporters.JUnitReportReporter -->
<testsuite hostname="KQ-LP-014" failures="0" tests="1" name="com.kiwiqa.testNGexamples.ParametersExamples" time="0.030" errors="0" timestamp="2024-06-06T16:30:37 IST" skipped="0">
  <testcase classname="com.kiwiqa.testNGexamples.ParametersExamples" name="testParameter" time="0.030"/>
  <system-out/>
</testsuite> <!-- com.kiwiqa.testNGexamples.ParametersExamples -->
