<?xml version="1.0" encoding="UTF-8"?>
<!-- Generated by org.testng.reporters.JUnitReportReporter -->
<testsuite hostname="KQ-LP-014" failures="0" tests="2" name="com.kiwiqa.testNGexamples.DataProviderExamples" time="0.050" errors="0" timestamp="2024-06-10T11:46:00 IST" skipped="0">
  <testcase classname="com.kiwiqa.testNGexamples.DataProviderExamples" name="testMethod1" time="0.005"/>
  <system-out/>
  <testcase classname="com.kiwiqa.testNGexamples.DataProviderExamples" name="testMethod1" time="0.045"/>
  <system-out/>
</testsuite> <!-- com.kiwiqa.testNGexamples.DataProviderExamples -->
