<?xml version="1.0" encoding="UTF-8"?>
<!-- Generated by org.testng.reporters.JUnitReportReporter -->
<testsuite hostname="KQ-LP-014" failures="0" tests="1" name="com.kiwiqa.datepickersexample.DatePickerExamples" time="25.618" errors="0" timestamp="2024-05-21T14:58:44 IST" skipped="0">
  <testcase classname="com.kiwiqa.datepickersexample.DatePickerExamples" name="dataPickerDemo" time="25.618"/>
  <system-out/>
</testsuite> <!-- com.kiwiqa.datepickersexample.DatePickerExamples -->
