<?xml version="1.0" encoding="UTF-8"?>
<!-- Generated by org.testng.reporters.JUnitReportReporter -->
<testsuite hostname="KQ-LP-014" failures="0" tests="3" name="com.kiwiqa.sliderexamples.SliderExamples" time="73.080" errors="0" timestamp="2024-05-21T14:58:44 IST" skipped="0">
  <testcase classname="com.kiwiqa.sliderexamples.SliderExamples" name="sliderDemo" time="14.610"/>
  <system-out/>
  <testcase classname="com.kiwiqa.sliderexamples.SliderExamples" name="progressBarDemo" time="35.428"/>
  <system-out/>
  <testcase classname="com.kiwiqa.sliderexamples.SliderExamples" name="sliderDemo1" time="23.042"/>
  <system-out/>
</testsuite> <!-- com.kiwiqa.sliderexamples.SliderExamples -->
