<?xml version="1.0" encoding="UTF-8"?>
<!-- Generated by org.testng.reporters.JUnitReportReporter -->
<testsuite hostname="KQ-LP-014" failures="0" tests="10" name="com.kiwiqa.actionsclassmethods.ActionsClassMethods" time="271.779" errors="0" timestamp="2024-05-21T14:58:44 IST" skipped="0">
  <testcase classname="com.kiwiqa.actionsclassmethods.ActionsClassMethods" name="multiSelect" time="11.677"/>
  <system-out/>
  <testcase classname="com.kiwiqa.actionsclassmethods.ActionsClassMethods" name="rightClickExample" time="12.181"/>
  <system-out/>
  <testcase classname="com.kiwiqa.actionsclassmethods.ActionsClassMethods" name="iframeNestedDemo" time="56.649"/>
  <system-out/>
  <testcase classname="com.kiwiqa.actionsclassmethods.ActionsClassMethods" name="resizeDemo" time="11.897"/>
  <system-out/>
  <testcase classname="com.kiwiqa.actionsclassmethods.ActionsClassMethods" name="doubleClickExample" time="13.446"/>
  <system-out/>
  <testcase classname="com.kiwiqa.actionsclassmethods.ActionsClassMethods" name="toolTipExample" time="50.747"/>
  <system-out/>
  <testcase classname="com.kiwiqa.actionsclassmethods.ActionsClassMethods" name="iframeDemo" time="17.575"/>
  <system-out/>
  <testcase classname="com.kiwiqa.actionsclassmethods.ActionsClassMethods" name="dragAndDropDemo" time="27.554"/>
  <system-out/>
  <testcase classname="com.kiwiqa.actionsclassmethods.ActionsClassMethods" name="modalDialogsExamples" time="34.662"/>
  <system-out/>
  <testcase classname="com.kiwiqa.actionsclassmethods.ActionsClassMethods" name="subMenuDemo" time="35.391"/>
  <system-out/>
</testsuite> <!-- com.kiwiqa.actionsclassmethods.ActionsClassMethods -->
