<?xml version="1.0" encoding="UTF-8"?>
<!-- Generated by org.testng.reporters.JUnitReportReporter -->
<testsuite hostname="KQ-LP-014" failures="0" tests="2" name="com.kiwiqa.testreport.TestClass" time="77.736" errors="0" timestamp="2024-06-28T10:31:57 IST" skipped="0">
  <testcase classname="com.kiwiqa.testreport.TestClass" name="loginVerify" time="34.790"/>
  <system-out/>
  <testcase classname="com.kiwiqa.testreport.TestClass" name="formReg" time="42.946"/>
  <system-out/>
</testsuite> <!-- com.kiwiqa.testreport.TestClass -->
